<?xml version="1.0" encoding="UTF-8"?>
<!-- Generated by org.testng.reporters.JUnitReportReporter -->
<testsuite skipped="0" hostname="PC" name="NewTest" tests="2" failures="0" timestamp="07 דצמ 2018 08:22:34 GMT" time="7.296" errors="0">
  <testcase name="f1" time="2.759" classname="NewTest"/>
  <testcase name="f" time="4.537" classname="NewTest"/>
</testsuite> <!-- NewTest -->
