<?xml version="1.0" encoding="UTF-8"?>
<!-- Generated by org.testng.reporters.JUnitReportReporter -->
<testsuite skipped="0" hostname="PC" name="NewTest2" tests="1" failures="0" timestamp="07 דצמ 2018 09:36:52 GMT" time="6.305" errors="0">
  <testcase name="f" time="6.305" classname="NewTest2"/>
</testsuite> <!-- NewTest2 -->
