<?xml version="1.0" encoding="UTF-8"?>
<!-- Generated by org.testng.reporters.JUnitReportReporter -->
<testsuite skipped="0" hostname="PC" name="NewTest" tests="1" failures="0" timestamp="07 דצמ 2018 09:37:23 GMT" time="5.820" errors="0">
  <testcase name="f" time="5.820" classname="NewTest"/>
</testsuite> <!-- NewTest -->
